{"total": {"lines":{"total":1062,"covered":884,"skipped":0,"pct":83.23},"statements":{"total":1062,"covered":884,"skipped":0,"pct":83.23},"functions":{"total":65,"covered":50,"skipped":0,"pct":76.92},"branches":{"total":137,"covered":115,"skipped":0,"pct":83.94},"branchesTrue":{"total":0,"covered":0,"skipped":0,"pct":100}}
,"C:\\Users\\LeSoviet\\Documents\\GitHub\\GithubCLIExtractor\\src\\core\\cache.ts": {"lines":{"total":227,"covered":207,"skipped":0,"pct":91.18},"functions":{"total":12,"covered":11,"skipped":0,"pct":91.66},"statements":{"total":227,"covered":207,"skipped":0,"pct":91.18},"branches":{"total":29,"covered":23,"skipped":0,"pct":79.31}}
,"C:\\Users\\LeSoviet\\Documents\\GitHub\\GithubCLIExtractor\\src\\scanner\\repo-scanner.ts": {"lines":{"total":80,"covered":80,"skipped":0,"pct":100},"functions":{"total":4,"covered":4,"skipped":0,"pct":100},"statements":{"total":80,"covered":80,"skipped":0,"pct":100},"branches":{"total":18,"covered":16,"skipped":0,"pct":88.88}}
,"C:\\Users\\LeSoviet\\Documents\\GitHub\\GithubCLIExtractor\\src\\utils\\config.ts": {"lines":{"total":197,"covered":179,"skipped":0,"pct":90.86},"functions":{"total":12,"covered":9,"skipped":0,"pct":75},"statements":{"total":197,"covered":179,"skipped":0,"pct":90.86},"branches":{"total":21,"covered":18,"skipped":0,"pct":85.71}}
,"C:\\Users\\LeSoviet\\Documents\\GitHub\\GithubCLIExtractor\\src\\utils\\exec-gh.ts": {"lines":{"total":111,"covered":31,"skipped":0,"pct":27.92},"functions":{"total":3,"covered":0,"skipped":0,"pct":0},"statements":{"total":111,"covered":31,"skipped":0,"pct":27.92},"branches":{"total":0,"covered":0,"skipped":0,"pct":100}}
,"C:\\Users\\LeSoviet\\Documents\\GitHub\\GithubCLIExtractor\\src\\utils\\logger.ts": {"lines":{"total":48,"covered":44,"skipped":0,"pct":91.66},"functions":{"total":7,"covered":6,"skipped":0,"pct":85.71},"statements":{"total":48,"covered":44,"skipped":0,"pct":91.66},"branches":{"total":8,"covered":8,"skipped":0,"pct":100}}
,"C:\\Users\\LeSoviet\\Documents\\GitHub\\GithubCLIExtractor\\src\\utils\\output.ts": {"lines":{"total":72,"covered":49,"skipped":0,"pct":68.05},"functions":{"total":6,"covered":3,"skipped":0,"pct":50},"statements":{"total":72,"covered":49,"skipped":0,"pct":68.05},"branches":{"total":4,"covered":4,"skipped":0,"pct":100}}
,"C:\\Users\\LeSoviet\\Documents\\GitHub\\GithubCLIExtractor\\src\\utils\\retry.ts": {"lines":{"total":121,"covered":114,"skipped":0,"pct":94.21},"functions":{"total":4,"covered":4,"skipped":0,"pct":100},"statements":{"total":121,"covered":114,"skipped":0,"pct":94.21},"branches":{"total":27,"covered":18,"skipped":0,"pct":66.66}}
,"C:\\Users\\LeSoviet\\Documents\\GitHub\\GithubCLIExtractor\\src\\utils\\sanitize.ts": {"lines":{"total":52,"covered":50,"skipped":0,"pct":96.15},"functions":{"total":5,"covered":5,"skipped":0,"pct":100},"statements":{"total":52,"covered":50,"skipped":0,"pct":96.15},"branches":{"total":8,"covered":7,"skipped":0,"pct":87.5}}
,"C:\\Users\\LeSoviet\\Documents\\GitHub\\GithubCLIExtractor\\src\\utils\\template-engine.ts": {"lines":{"total":154,"covered":130,"skipped":0,"pct":84.41},"functions":{"total":12,"covered":8,"skipped":0,"pct":66.66},"statements":{"total":154,"covered":130,"skipped":0,"pct":84.41},"branches":{"total":22,"covered":21,"skipped":0,"pct":95.45}}
}
