TN:
SF:src\core\cache.ts
FN:23,<instance_members_initializer>
FN:26,Cache
FN:36,init
FN:46,getCacheKey
FN:60,getCacheFilePath
FN:67,get
FN:100,set
FN:123,has
FN:131,delete
FN:147,clear
FN:169,getStats
FN:222,getCache
FNF:12
FNH:11
FNDA:19,<instance_members_initializer>
FNDA:19,Cache
FNDA:51,init
FNDA:31,getCacheKey
FNDA:31,getCacheFilePath
FNDA:15,get
FNDA:14,set
FNDA:3,has
FNDA:2,delete
FNDA:2,clear
FNDA:2,getStats
FNDA:0,getCache
DA:1,1
DA:2,1
DA:3,1
DA:4,1
DA:5,1
DA:6,1
DA:7,1
DA:8,1
DA:9,1
DA:10,1
DA:11,1
DA:12,1
DA:13,1
DA:14,1
DA:15,1
DA:16,1
DA:17,1
DA:18,1
DA:19,1
DA:20,1
DA:21,1
DA:22,1
DA:23,1
DA:24,19
DA:25,1
DA:26,1
DA:27,19
DA:28,19
DA:29,19
DA:30,19
DA:31,19
DA:32,1
DA:33,1
DA:34,1
DA:35,1
DA:36,1
DA:37,51
DA:38,19
DA:39,19
DA:40,19
DA:41,51
DA:42,1
DA:43,1
DA:44,1
DA:45,1
DA:46,1
DA:47,31
DA:48,31
DA:49,31
DA:50,240
DA:51,240
DA:52,240
DA:53,240
DA:54,31
DA:55,31
DA:56,1
DA:57,1
DA:58,1
DA:59,1
DA:60,1
DA:61,31
DA:62,31
DA:63,1
DA:64,1
DA:65,1
DA:66,1
DA:67,1
DA:68,15
DA:69,15
DA:70,15
DA:71,15
DA:72,15
DA:73,15
DA:74,6
DA:75,6
DA:76,9
DA:77,9
DA:78,9
DA:79,9
DA:80,9
DA:81,9
DA:82,9
DA:83,9
DA:84,15
DA:85,4
DA:86,4
DA:87,4
DA:88,4
DA:89,4
DA:90,4
DA:91,15
DA:92,1
DA:93,1
DA:94,1
DA:95,15
DA:96,1
DA:97,1
DA:98,1
DA:99,1
DA:100,1
DA:101,14
DA:102,14
DA:103,14
DA:104,14
DA:105,14
DA:106,14
DA:107,14
DA:108,14
DA:109,14
DA:110,14
DA:111,14
DA:112,14
DA:113,14
DA:114,14
DA:115,14
DA:116,0
DA:117,0
DA:118,14
DA:119,1
DA:120,1
DA:121,1
DA:122,1
DA:123,1
DA:124,3
DA:125,3
DA:126,3
DA:127,1
DA:128,1
DA:129,1
DA:130,1
DA:131,1
DA:132,2
DA:133,2
DA:134,2
DA:135,2
DA:136,1
DA:137,1
DA:138,1
DA:139,2
DA:140,0
DA:141,0
DA:142,2
DA:143,1
DA:144,1
DA:145,1
DA:146,1
DA:147,1
DA:148,2
DA:149,2
DA:150,2
DA:151,2
DA:152,2
DA:153,2
DA:154,3
DA:155,3
DA:156,3
DA:157,3
DA:158,2
DA:159,2
DA:160,2
DA:161,2
DA:162,0
DA:163,0
DA:164,2
DA:165,1
DA:166,1
DA:167,1
DA:168,1
DA:169,1
DA:170,2
DA:171,2
DA:172,2
DA:173,2
DA:174,2
DA:175,2
DA:176,2
DA:177,2
DA:178,2
DA:179,2
DA:180,2
DA:181,2
DA:182,2
DA:183,2
DA:184,2
DA:185,2
DA:186,2
DA:187,2
DA:188,2
DA:189,2
DA:190,2
DA:191,2
DA:192,2
DA:193,1
DA:194,1
DA:195,2
DA:196,0
DA:197,0
DA:198,2
DA:199,2
DA:200,2
DA:201,2
DA:202,2
DA:203,2
DA:204,2
DA:205,2
DA:206,0
DA:207,0
DA:208,0
DA:209,0
DA:210,0
DA:211,0
DA:212,0
DA:213,2
DA:214,1
DA:215,1
DA:216,1
DA:217,1
DA:218,1
DA:219,1
DA:220,1
DA:221,1
DA:222,1
DA:223,0
DA:224,0
DA:225,0
DA:226,0
DA:227,0
LF:227
LH:207
BRDA:23,0,0,19
BRDA:26,1,0,19
BRDA:29,2,0,0
BRDA:36,3,0,51
BRDA:37,4,0,19
BRDA:46,5,0,31
BRDA:49,6,0,240
BRDA:60,7,0,31
BRDA:67,8,0,15
BRDA:73,9,0,6
BRDA:75,10,0,9
BRDA:84,11,0,4
BRDA:91,12,0,1
BRDA:100,13,0,14
BRDA:107,14,0,10
BRDA:115,15,0,0
BRDA:123,16,0,3
BRDA:131,17,0,2
BRDA:135,18,0,1
BRDA:139,19,0,0
BRDA:136,20,0,1
BRDA:147,21,0,2
BRDA:153,22,0,3
BRDA:161,23,0,0
BRDA:169,24,0,2
BRDA:192,25,0,1
BRDA:195,26,0,0
BRDA:205,27,0,0
BRDA:179,28,0,2
BRF:29
BRH:23
end_of_record
TN:
SF:src\scanner\repo-scanner.ts
FN:8,listUserRepositories
FN:31,listOrgRepositories
FN:52,getRepository
FN:73,filterRepositories
FNF:4
FNH:4
FNDA:4,listUserRepositories
FNDA:2,listOrgRepositories
FNDA:2,getRepository
FNDA:6,filterRepositories
DA:1,1
DA:2,1
DA:3,1
DA:4,1
DA:5,1
DA:6,1
DA:7,1
DA:8,4
DA:9,4
DA:10,4
DA:11,1
DA:12,3
DA:13,4
DA:14,4
DA:15,3
DA:16,3
DA:17,4
DA:18,4
DA:19,4
DA:20,4
DA:21,4
DA:22,3
DA:23,4
DA:24,1
DA:25,1
DA:26,4
DA:27,1
DA:28,1
DA:29,1
DA:30,1
DA:31,2
DA:32,2
DA:33,2
DA:34,2
DA:35,2
DA:36,1
DA:37,1
DA:38,2
DA:39,2
DA:40,2
DA:41,2
DA:42,2
DA:43,1
DA:44,1
DA:45,1
DA:46,1
DA:47,2
DA:48,1
DA:49,1
DA:50,1
DA:51,1
DA:52,2
DA:53,2
DA:54,2
DA:55,2
DA:56,2
DA:57,1
DA:58,1
DA:59,1
DA:60,1
DA:61,2
DA:62,2
DA:63,2
DA:64,2
DA:65,2
DA:66,1
DA:67,1
DA:68,2
DA:69,1
DA:70,1
DA:71,1
DA:72,1
DA:73,1
DA:74,6
DA:75,6
DA:76,6
DA:77,18
DA:78,13
DA:79,6
DA:80,6
LF:80
LH:80
BRDA:8,0,0,4
BRDA:10,1,0,1
BRDA:11,2,0,3
BRDA:14,3,0,3
BRDA:23,4,0,1
BRDA:16,5,0,4
BRDA:19,6,0,1
BRDA:31,7,0,2
BRDA:35,8,0,1
BRDA:37,9,0,2
BRDA:40,10,0,0
BRDA:52,11,0,2
BRDA:56,12,0,1
BRDA:61,13,0,0
BRDA:65,14,0,1
BRDA:73,15,0,6
BRDA:76,16,0,18
BRDA:77,17,0,13
BRF:18
BRH:16
end_of_record
TN:
SF:src\utils\config.ts
FN:15,<instance_members_initializer>
FN:20,findConfigFile
FN:42,load
FN:78,getDefaultConfig
FN:95,save
FN:120,get
FN:128,set
FN:137,createSample
FN:164,exists
FN:176,getConfigManager
FN:186,loadConfig
FN:194,getConfig
FNF:12
FNH:9
FNDA:15,<instance_members_initializer>
FNDA:13,findConfigFile
FNDA:20,load
FNDA:11,getDefaultConfig
FNDA:2,save
FNDA:6,get
FNDA:2,set
FNDA:1,createSample
FNDA:2,exists
FNDA:0,getConfigManager
FNDA:0,loadConfig
FNDA:0,getConfig
DA:1,1
DA:2,1
DA:3,1
DA:4,1
DA:5,1
DA:6,1
DA:7,1
DA:8,1
DA:9,1
DA:10,1
DA:11,1
DA:12,1
DA:13,1
DA:14,1
DA:15,1
DA:16,1
DA:17,1
DA:18,1
DA:19,1
DA:20,1
DA:21,13
DA:22,13
DA:23,21
DA:24,21
DA:25,5
DA:26,5
DA:27,5
DA:28,21
DA:29,8
DA:30,8
DA:31,13
DA:32,0
DA:33,0
DA:34,0
DA:35,8
DA:36,8
DA:37,13
DA:38,1
DA:39,1
DA:40,1
DA:41,1
DA:42,1
DA:43,20
DA:44,9
DA:45,9
DA:46,11
DA:47,11
DA:48,11
DA:49,20
DA:50,7
DA:51,7
DA:52,7
DA:53,7
DA:54,7
DA:55,4
DA:56,4
DA:57,4
DA:58,4
DA:59,4
DA:60,4
DA:61,4
DA:62,4
DA:63,4
DA:64,4
DA:65,4
DA:66,4
DA:67,4
DA:68,20
DA:69,1
DA:70,1
DA:71,1
DA:72,1
DA:73,20
DA:74,1
DA:75,1
DA:76,1
DA:77,1
DA:78,1
DA:79,11
DA:80,11
DA:81,11
DA:82,11
DA:83,11
DA:84,11
DA:85,11
DA:86,11
DA:87,11
DA:88,11
DA:89,11
DA:90,11
DA:91,1
DA:92,1
DA:93,1
DA:94,1
DA:95,1
DA:96,2
DA:97,2
DA:98,2
DA:99,2
DA:100,2
DA:101,2
DA:102,2
DA:103,2
DA:104,2
DA:105,2
DA:106,2
DA:107,2
DA:108,2
DA:109,2
DA:110,2
DA:111,2
DA:112,2
DA:113,0
DA:114,0
DA:115,2
DA:116,1
DA:117,1
DA:118,1
DA:119,1
DA:120,1
DA:121,6
DA:122,6
DA:123,6
DA:124,1
DA:125,1
DA:126,1
DA:127,1
DA:128,1
DA:129,2
DA:130,2
DA:131,2
DA:132,2
DA:133,1
DA:134,1
DA:135,1
DA:136,1
DA:137,1
DA:138,1
DA:139,1
DA:140,1
DA:141,1
DA:142,1
DA:143,1
DA:144,1
DA:145,1
DA:146,1
DA:147,1
DA:148,1
DA:149,1
DA:150,1
DA:151,1
DA:152,1
DA:153,1
DA:154,1
DA:155,1
DA:156,1
DA:157,1
DA:158,1
DA:159,1
DA:160,1
DA:161,1
DA:162,1
DA:163,1
DA:164,1
DA:165,2
DA:166,2
DA:167,2
DA:168,1
DA:169,1
DA:170,1
DA:171,1
DA:172,1
DA:173,1
DA:174,1
DA:175,1
DA:176,1
DA:177,0
DA:178,0
DA:179,0
DA:180,0
DA:181,0
DA:182,1
DA:183,1
DA:184,1
DA:185,1
DA:186,0
DA:187,0
DA:188,0
DA:189,0
DA:190,1
DA:191,1
DA:192,1
DA:193,1
DA:194,0
DA:195,0
DA:196,0
DA:197,0
LF:197
LH:179
BRDA:15,0,0,15
BRDA:20,1,0,13
BRDA:22,2,0,21
BRDA:24,3,0,5
BRDA:28,4,0,8
BRDA:31,5,0,0
BRDA:34,6,0,8
BRDA:42,7,0,20
BRDA:43,8,0,9
BRDA:45,9,0,11
BRDA:49,10,0,7
BRDA:54,11,0,4
BRDA:68,12,0,1
BRDA:78,13,0,11
BRDA:95,14,0,2
BRDA:96,15,0,0
BRDA:112,16,0,0
BRDA:120,17,0,6
BRDA:128,18,0,2
BRDA:137,19,0,1
BRDA:164,20,0,2
BRF:21
BRH:18
end_of_record
TN:
SF:src\utils\exec-gh.ts
FN:24,execGh
FN:73,isGhInstalled
FN:85,execGhJson
FNF:3
FNH:0
FNDA:0,execGh
FNDA:0,isGhInstalled
FNDA:0,execGhJson
DA:1,1
DA:2,1
DA:3,1
DA:4,1
DA:5,1
DA:6,1
DA:7,1
DA:8,1
DA:9,1
DA:10,1
DA:11,1
DA:12,1
DA:13,1
DA:14,1
DA:15,1
DA:16,1
DA:17,1
DA:18,1
DA:19,1
DA:20,1
DA:21,1
DA:22,1
DA:23,1
DA:24,0
DA:25,0
DA:26,0
DA:27,0
DA:28,0
DA:29,0
DA:30,0
DA:31,0
DA:32,0
DA:33,0
DA:34,0
DA:35,0
DA:36,0
DA:37,0
DA:38,0
DA:39,0
DA:40,0
DA:41,0
DA:42,0
DA:43,0
DA:44,0
DA:45,0
DA:46,0
DA:47,0
DA:48,0
DA:49,0
DA:50,0
DA:51,0
DA:52,0
DA:53,0
DA:54,0
DA:55,0
DA:56,0
DA:57,0
DA:58,0
DA:59,0
DA:60,0
DA:61,0
DA:62,0
DA:63,0
DA:64,0
DA:65,0
DA:66,0
DA:67,0
DA:68,0
DA:69,1
DA:70,1
DA:71,1
DA:72,1
DA:73,0
DA:74,0
DA:75,0
DA:76,0
DA:77,0
DA:78,0
DA:79,0
DA:80,0
DA:81,1
DA:82,1
DA:83,1
DA:84,1
DA:85,0
DA:86,0
DA:87,0
DA:88,0
DA:89,0
DA:90,0
DA:91,0
DA:92,0
LF:92
LH:31
BRF:0
BRH:0
end_of_record
TN:
SF:src\utils\logger.ts
FN:11,<instance_members_initializer>
FN:13,setLevel
FN:17,debug
FN:23,info
FN:29,success
FN:35,warn
FN:41,error
FNF:7
FNH:6
FNDA:6,<instance_members_initializer>
FNDA:10,setLevel
FNDA:75,debug
FNDA:10,info
FNDA:0,success
FNDA:13,warn
FNDA:1,error
DA:1,1
DA:2,1
DA:3,1
DA:4,1
DA:5,1
DA:6,1
DA:7,1
DA:8,1
DA:9,1
DA:10,1
DA:11,1
DA:12,1
DA:13,1
DA:14,10
DA:15,10
DA:16,1
DA:17,1
DA:18,75
DA:19,1
DA:20,1
DA:21,75
DA:22,1
DA:23,1
DA:24,10
DA:25,10
DA:26,10
DA:27,10
DA:28,1
DA:29,1
DA:30,0
DA:31,0
DA:32,0
DA:33,0
DA:34,1
DA:35,1
DA:36,13
DA:37,13
DA:38,13
DA:39,13
DA:40,1
DA:41,1
DA:42,1
DA:43,1
DA:44,1
DA:45,1
DA:46,1
DA:47,1
DA:48,1
LF:48
LH:44
BRDA:3,0,0,6
BRDA:11,1,0,6
BRDA:13,2,0,10
BRDA:17,3,0,75
BRDA:18,4,0,1
BRDA:23,5,0,10
BRDA:35,6,0,13
BRDA:41,7,0,1
BRF:8
BRH:8
end_of_record
TN:
SF:src\utils\output.ts
FN:9,ensureDirectory
FN:18,writeOutput
FN:38,writeJson
FN:46,writeMarkdown
FN:53,generateFilename
FN:65,buildOutputPath
FNF:6
FNH:3
FNDA:3,ensureDirectory
FNDA:0,writeOutput
FNDA:0,writeJson
FNDA:0,writeMarkdown
FNDA:3,generateFilename
FNDA:3,buildOutputPath
DA:1,1
DA:2,1
DA:3,1
DA:4,1
DA:5,1
DA:6,1
DA:7,1
DA:8,1
DA:9,3
DA:10,3
DA:11,2
DA:12,2
DA:13,3
DA:14,1
DA:15,1
DA:16,1
DA:17,1
DA:18,0
DA:19,0
DA:20,0
DA:21,0
DA:22,0
DA:23,0
DA:24,0
DA:25,0
DA:26,0
DA:27,0
DA:28,0
DA:29,0
DA:30,0
DA:31,0
DA:32,0
DA:33,0
DA:34,1
DA:35,1
DA:36,1
DA:37,1
DA:38,0
DA:39,0
DA:40,0
DA:41,0
DA:42,1
DA:43,1
DA:44,1
DA:45,1
DA:46,0
DA:47,0
DA:48,0
DA:49,1
DA:50,1
DA:51,1
DA:52,1
DA:53,1
DA:54,3
DA:55,3
DA:56,3
DA:57,3
DA:58,3
DA:59,3
DA:60,3
DA:61,1
DA:62,1
DA:63,1
DA:64,1
DA:65,1
DA:66,3
DA:67,3
DA:68,3
DA:69,3
DA:70,3
DA:71,3
DA:72,3
LF:72
LH:49
BRDA:9,0,0,3
BRDA:10,1,0,2
BRDA:53,2,0,3
BRDA:65,3,0,3
BRF:4
BRH:4
end_of_record
TN:
SF:src\utils\retry.ts
FN:14,withRetry
FN:55,sleep
FN:62,isRetryableError
FN:80,withSmartRetry
FNF:4
FNH:4
FNDA:6,withRetry
FNDA:10,sleep
FNDA:17,isRetryableError
FNDA:3,withSmartRetry
DA:1,1
DA:2,1
DA:3,1
DA:4,1
DA:5,1
DA:6,1
DA:7,1
DA:8,1
DA:9,1
DA:10,1
DA:11,1
DA:12,1
DA:13,1
DA:14,6
DA:15,6
DA:16,6
DA:17,6
DA:18,6
DA:19,6
DA:20,6
DA:21,6
DA:22,6
DA:23,6
DA:24,6
DA:25,6
DA:26,6
DA:27,14
DA:28,14
DA:29,14
DA:30,9
DA:31,9
DA:32,9
DA:33,8
DA:34,8
DA:35,8
DA:36,8
DA:37,8
DA:38,8
DA:39,8
DA:40,8
DA:41,3
DA:42,3
DA:43,8
DA:44,8
DA:45,8
DA:46,9
DA:47,14
DA:48,1
DA:49,1
DA:50,1
DA:51,1
DA:52,1
DA:53,1
DA:54,1
DA:55,10
DA:56,10
DA:57,10
DA:58,1
DA:59,1
DA:60,1
DA:61,1
DA:62,1
DA:63,17
DA:64,17
DA:65,17
DA:66,17
DA:67,17
DA:68,17
DA:69,17
DA:70,17
DA:71,17
DA:72,17
DA:73,17
DA:74,17
DA:75,17
DA:76,1
DA:77,1
DA:78,1
DA:79,1
DA:80,3
DA:81,3
DA:82,3
DA:83,3
DA:84,3
DA:85,3
DA:86,3
DA:87,5
DA:88,5
DA:89,5
DA:90,4
DA:91,4
DA:92,4
DA:93,4
DA:94,2
DA:95,2
DA:96,2
DA:97,2
DA:98,4
DA:99,0
DA:100,0
DA:101,2
DA:102,2
DA:103,4
DA:104,4
DA:105,4
DA:106,4
DA:107,4
DA:108,4
DA:109,4
DA:110,4
DA:111,4
DA:112,4
DA:113,0
DA:114,0
DA:115,2
DA:116,2
DA:117,2
DA:118,5
DA:119,0
DA:120,0
DA:121,0
LF:121
LH:114
BRDA:14,0,0,6
BRDA:26,1,0,14
BRDA:29,2,0,9
BRDA:30,3,0,0
BRDA:32,4,0,8
BRDA:40,5,0,3
BRDA:47,6,0,1
BRDA:55,7,0,10
BRDA:56,8,0,10
BRDA:62,9,0,17
BRDA:74,10,0,87
BRDA:80,11,0,3
BRDA:86,12,0,0
BRDA:86,13,0,5
BRDA:89,14,0,4
BRDA:90,15,0,0
BRDA:93,16,0,2
BRDA:98,17,0,0
BRDA:98,18,0,0
BRDA:100,19,0,2
BRDA:103,20,0,0
BRDA:104,21,0,2
BRDA:105,22,0,2
BRDA:109,23,0,0
BRDA:112,24,0,0
BRDA:114,25,0,2
BRDA:118,26,0,0
BRF:27
BRH:18
end_of_record
TN:
SF:src\utils\sanitize.ts
FN:4,sanitizeFilename
FN:19,decodeUnicode
FN:32,escapeMarkdown
FN:39,truncate
FN:47,toKebabCase
FNF:5
FNH:5
FNDA:9,sanitizeFilename
FNDA:4,decodeUnicode
FNDA:4,escapeMarkdown
FNDA:4,truncate
FNDA:5,toKebabCase
DA:1,1
DA:2,1
DA:3,1
DA:4,1
DA:5,9
DA:6,9
DA:7,9
DA:8,9
DA:9,9
DA:10,9
DA:11,9
DA:12,9
DA:13,9
DA:14,9
DA:15,1
DA:16,1
DA:17,1
DA:18,1
DA:19,1
DA:20,4
DA:21,4
DA:22,7
DA:23,4
DA:24,4
DA:25,0
DA:26,0
DA:27,4
DA:28,1
DA:29,1
DA:30,1
DA:31,1
DA:32,1
DA:33,4
DA:34,4
DA:35,1
DA:36,1
DA:37,1
DA:38,1
DA:39,1
DA:40,4
DA:41,2
DA:42,2
DA:43,1
DA:44,1
DA:45,1
DA:46,1
DA:47,1
DA:48,5
DA:49,5
DA:50,5
DA:51,5
DA:52,5
LF:52
LH:50
BRDA:4,0,0,9
BRDA:19,1,0,4
BRDA:24,2,0,0
BRDA:21,3,0,7
BRDA:32,4,0,4
BRDA:39,5,0,4
BRDA:40,6,0,2
BRDA:47,7,0,5
BRF:8
BRH:7
end_of_record
TN:
SF:src\utils\template-engine.ts
FN:17,<instance_members_initializer>
FN:19,TemplateEngine
FN:26,registerHelpers
FN:65,loadTemplate
FN:85,loadBuiltInTemplate
FN:98,render
FN:106,renderBuiltIn
FN:114,compileString
FN:121,clearCache
FN:133,getTemplateEngine
FN:143,renderTemplate
FN:151,renderBuiltInTemplate
FNF:12
FNH:8
FNDA:1,<instance_members_initializer>
FNDA:1,TemplateEngine
FNDA:1,registerHelpers
FNDA:6,loadTemplate
FNDA:0,loadBuiltInTemplate
FNDA:6,render
FNDA:0,renderBuiltIn
FNDA:11,compileString
FNDA:16,clearCache
FNDA:15,getTemplateEngine
FNDA:0,renderTemplate
FNDA:0,renderBuiltInTemplate
DA:1,1
DA:2,1
DA:3,1
DA:4,1
DA:5,1
DA:6,1
DA:7,1
DA:8,1
DA:9,1
DA:10,1
DA:11,1
DA:12,1
DA:13,1
DA:14,1
DA:15,1
DA:16,1
DA:17,1
DA:18,1
DA:19,1
DA:20,1
DA:21,1
DA:22,1
DA:23,1
DA:24,1
DA:25,1
DA:26,1
DA:27,1
DA:28,1
DA:29,0
DA:30,0
DA:31,0
DA:32,0
DA:33,0
DA:34,1
DA:35,1
DA:36,1
DA:37,1
DA:38,1
DA:39,1
DA:40,1
DA:41,1
DA:42,1
DA:43,2
DA:44,1
DA:45,1
DA:46,1
DA:47,1
DA:48,1
DA:49,1
DA:50,1
DA:51,1
DA:52,1
DA:53,1
DA:54,1
DA:55,1
DA:56,1
DA:57,1
DA:58,1
DA:59,1
DA:60,1
DA:61,1
DA:62,1
DA:63,1
DA:64,1
DA:65,1
DA:66,6
DA:67,6
DA:68,1
DA:69,1
DA:70,5
DA:71,5
DA:72,5
DA:73,4
DA:74,4
DA:75,4
DA:76,4
DA:77,6
DA:78,1
DA:79,1
DA:80,6
DA:81,1
DA:82,1
DA:83,1
DA:84,1
DA:85,1
DA:86,0
DA:87,0
DA:88,0
DA:89,0
DA:90,0
DA:91,0
DA:92,0
DA:93,0
DA:94,1
DA:95,1
DA:96,1
DA:97,1
DA:98,1
DA:99,6
DA:100,5
DA:101,6
DA:102,1
DA:103,1
DA:104,1
DA:105,1
DA:106,1
DA:107,0
DA:108,0
DA:109,0
DA:110,1
DA:111,1
DA:112,1
DA:113,1
DA:114,1
DA:115,11
DA:116,11
DA:117,1
DA:118,1
DA:119,1
DA:120,1
DA:121,1
DA:122,16
DA:123,16
DA:124,16
DA:125,1
DA:126,1
DA:127,1
DA:128,1
DA:129,1
DA:130,1
DA:131,1
DA:132,1
DA:133,1
DA:134,15
DA:135,1
DA:136,1
DA:137,15
DA:138,15
DA:139,1
DA:140,1
DA:141,1
DA:142,1
DA:143,0
DA:144,0
DA:145,0
DA:146,0
DA:147,1
DA:148,1
DA:149,1
DA:150,1
DA:151,0
DA:152,0
DA:153,0
DA:154,0
LF:154
LH:130
BRDA:17,0,0,1
BRDA:19,1,0,1
BRDA:26,2,0,1
BRDA:37,3,0,1
BRDA:38,4,0,0
BRDA:42,5,0,2
BRDA:43,6,0,1
BRDA:43,7,0,1
BRDA:47,8,0,1
BRDA:52,9,0,1
BRDA:57,10,0,1
BRDA:65,11,0,6
BRDA:67,12,0,1
BRDA:69,13,0,5
BRDA:72,14,0,4
BRDA:77,15,0,1
BRDA:98,16,0,6
BRDA:99,17,0,5
BRDA:114,18,0,11
BRDA:121,19,0,16
BRDA:133,20,0,15
BRDA:134,21,0,1
BRF:22
BRH:21
end_of_record
